\BOOKMARK [1][-]{section.1}{\376\377\000I\000n\000t\000r\000o\000d\000u\000c\000t\000i\000o\000n}{}% 1
\BOOKMARK [1][-]{section.2}{\376\377\000R\000e\000l\000a\000t\000e\000d\000\040\000W\000o\000r\000k}{}% 2
\BOOKMARK [2][-]{subsection.2.1}{\376\377\000M\000o\000n\000o\000c\000u\000l\000a\000r\000\040\0003\000D\000\040\000O\000b\000j\000e\000c\000t\000\040\000D\000e\000t\000e\000c\000t\000i\000o\000n\000\040\000w\000i\000t\000h\000o\000u\000t\000\040\000R\000o\000I}{section.2}% 3
\BOOKMARK [2][-]{subsection.2.2}{\376\377\000M\000o\000n\000o\000c\000u\000l\000a\000r\000\040\0003\000D\000\040\000O\000b\000j\000e\000c\000t\000\040\000D\000e\000t\000e\000c\000t\000i\000o\000n\000\040\000w\000i\000t\000h\000\040\000R\000o\000I}{section.2}% 4
\BOOKMARK [1][-]{section.3}{\376\377\000M\000e\000t\000h\000o\000d}{}% 5
\BOOKMARK [2][-]{subsection.3.1}{\376\377\000P\000r\000o\000b\000l\000e\000m\000\040\000D\000e\000f\000i\000n\000i\000t\000i\000o\000n}{section.3}% 6
\BOOKMARK [2][-]{subsection.3.2}{\376\377\000O\000v\000e\000r\000v\000i\000e\000w}{section.3}% 7
\BOOKMARK [3][-]{subsubsection.3.2.1}{\376\377\000I\000m\000a\000g\000e\000\040\000B\000a\000c\000k\000b\000o\000n\000e}{subsection.3.2}% 8
\BOOKMARK [3][-]{subsubsection.3.2.2}{\376\377\0002\000D\000\040\000D\000e\000t\000e\000c\000t\000i\000o\000n\000\040\000H\000e\000a\000d}{subsection.3.2}% 9
\BOOKMARK [3][-]{subsubsection.3.2.3}{\376\377\000M\000u\000l\000t\000i\000-\000S\000c\000a\000l\000e\000\040\000G\000r\000i\000d\000\040\000A\000t\000t\000e\000n\000t\000i\000o\000n\000\040\000M\000o\000d\000u\000l\000e}{subsection.3.2}% 10
\BOOKMARK [3][-]{subsubsection.3.2.4}{\376\377\0003\000D\000\040\000D\000e\000t\000e\000c\000t\000i\000o\000n\000\040\000H\000e\000a\000d}{subsection.3.2}% 11
\BOOKMARK [3][-]{subsubsection.3.2.5}{\376\377\000K\000e\000y\000p\000o\000i\000n\000t\000\040\000E\000s\000t\000i\000m\000a\000t\000i\000o\000n}{subsection.3.2}% 12
\BOOKMARK [3][-]{subsubsection.3.2.6}{\376\377\000L\000o\000s\000s\000\040\000F\000u\000n\000c\000t\000i\000o\000n\000s}{subsection.3.2}% 13
\BOOKMARK [2][-]{subsection.3.3}{\376\377\000P\000r\000o\000b\000a\000b\000i\000l\000i\000s\000t\000i\000c\000\040\000P\000o\000s\000t\000\040\000P\000r\000o\000c\000e\000s\000s\000i\000n\000g}{section.3}% 14
\BOOKMARK [1][-]{section.4}{\376\377\000E\000x\000p\000e\000r\000i\000m\000e\000n\000t\000s}{}% 15
\BOOKMARK [2][-]{subsection.4.1}{\376\377\000D\000a\000t\000a\000s\000e\000t}{section.4}% 16
\BOOKMARK [3][-]{subsubsection.4.1.1}{\376\377\000K\000I\000T\000T\000I\000\040\000D\000a\000t\000a\000s\000e\000t}{subsection.4.1}% 17
\BOOKMARK [3][-]{subsubsection.4.1.2}{\376\377\000W\000a\000y\000m\000o\000\040\000D\000a\000t\000a\000s\000e\000t}{subsection.4.1}% 18
\BOOKMARK [2][-]{subsection.4.2}{\376\377\000I\000m\000p\000l\000e\000m\000e\000n\000t\000a\000t\000i\000o\000n\000\040\000D\000e\000t\000a\000i\000l\000s}{section.4}% 19
\BOOKMARK [2][-]{subsection.4.3}{\376\377\000E\000x\000p\000e\000r\000i\000m\000e\000n\000t\000\040\000R\000e\000s\000u\000l\000t\000s}{section.4}% 20
\BOOKMARK [3][-]{subsubsection.4.3.1}{\376\377\000K\000I\000T\000T\000I\000\040\000T\000e\000s\000t\000\040\000D\000a\000t\000a\000s\000e\000t}{subsection.4.3}% 21
\BOOKMARK [3][-]{subsubsection.4.3.2}{\376\377\000K\000I\000T\000T\000I\000\040\000V\000a\000l\000i\000d\000a\000t\000i\000o\000n\000\040\000D\000a\000t\000a\000s\000e\000t}{subsection.4.3}% 22
\BOOKMARK [3][-]{subsubsection.4.3.3}{\376\377\000W\000a\000y\000m\000o\000\040\000V\000a\000l\000i\000d\000a\000t\000i\000o\000n\000\040\000D\000a\000t\000a\000s\000e\000t}{subsection.4.3}% 23
\BOOKMARK [2][-]{subsection.4.4}{\376\377\000A\000b\000l\000a\000t\000i\000o\000n\000\040\000S\000t\000u\000d\000i\000e\000s}{section.4}% 24
\BOOKMARK [3][-]{subsubsection.4.4.1}{\376\377\000I\000n\000f\000l\000u\000e\000n\000c\000e\000\040\000o\000f\000\040\000d\000i\000f\000f\000e\000r\000e\000n\000t\000\040\000c\000o\000m\000p\000o\000n\000e\000n\000t\000s}{subsection.4.4}% 25
\BOOKMARK [3][-]{subsubsection.4.4.2}{\376\377\000I\000n\000f\000l\000u\000e\000n\000c\000e\000\040\000o\000f\000\040\000M\000u\000l\000t\000i\000-\000S\000c\000a\000l\000e\000\040\000M\000e\000t\000h\000o\000d\000s}{subsection.4.4}% 26
\BOOKMARK [3][-]{subsubsection.4.4.3}{\376\377\000I\000n\000f\000l\000u\000e\000n\000c\000e\000\040\000o\000f\000\040\000G\000r\000i\000d\000\040\000A\000t\000t\000e\000n\000t\000i\000o\000n\000\040\000A\000c\000t\000i\000v\000a\000t\000i\000o\000n\000\040\000F\000u\000n\000c\000t\000i\000o\000n}{subsection.4.4}% 27
\BOOKMARK [3][-]{subsubsection.4.4.4}{\376\377\000I\000n\000f\000l\000u\000e\000n\000c\000e\000\040\000o\000f\000\040\000P\000r\000o\000b\000a\000b\000i\000l\000i\000s\000t\000i\000c\000\040\000P\000o\000s\000t\000i\000n\000g\000\040\000P\000r\000o\000c\000e\000s\000s\000i\000n\000g}{subsection.4.4}% 28
\BOOKMARK [1][-]{section.5}{\376\377\000C\000o\000n\000c\000l\000u\000s\000i\000o\000n}{}% 29
\BOOKMARK [1][-]{section.6}{\376\377\000A\000c\000k\000n\000o\000w\000l\000e\000d\000g\000e\000m\000e\000n\000t\000s}{}% 30
\BOOKMARK [1][-]{section*.1}{\376\377\000R\000e\000f\000e\000r\000e\000n\000c\000e\000s}{}% 31
\BOOKMARK [1][-]{IEEEbiography.0}{\376\377\000B\000i\000o\000g\000r\000a\000p\000h\000i\000e\000s}{}% 32
\BOOKMARK [2][-]{IEEEbiography.1}{\376\377\000T\000i\000n\000g\000y\000u\000\040\000Z\000h\000a\000n\000g}{IEEEbiography.0}% 33
\BOOKMARK [2][-]{IEEEbiography.2}{\376\377\000X\000i\000n\000y\000u\000\040\000Y\000a\000n\000g}{IEEEbiography.0}% 34
\BOOKMARK [2][-]{IEEEbiography.3}{\376\377\000Z\000h\000i\000g\000a\000n\000g\000\040\000L\000i\000a\000n\000g}{IEEEbiography.0}% 35
\BOOKMARK [2][-]{IEEEbiography.4}{\376\377\000Y\000a\000n\000z\000h\000a\000o\000\040\000Y\000a\000n\000g}{IEEEbiography.0}% 36
\BOOKMARK [2][-]{IEEEbiography.5}{\376\377\000J\000i\000a\000n\000\040\000W\000a\000n\000g}{IEEEbiography.0}% 37
