\BOOKMARK [1][]{section.1}{\376\377\000I\000n\000t\000r\000o\000d\000u\000c\000t\000i\000o\000n}{}% 1
\BOOKMARK [1][]{section.2}{\376\377\000R\000e\000l\000a\000t\000e\000d\000\040\000W\000o\000r\000k}{}% 2
\BOOKMARK [2][]{subsection.2.1}{\376\377\000M\000o\000n\000o\000c\000u\000l\000a\000r\000\040\0003\000D\000\040\000O\000b\000j\000e\000c\000t\000\040\000D\000e\000t\000e\000c\000t\000i\000o\000n\000\040\000w\000i\000t\000h\000o\000u\000t\000\040\000R\000o\000I}{section.2}% 3
\BOOKMARK [2][]{subsection.2.2}{\376\377\000M\000o\000n\000o\000c\000u\000l\000a\000r\000\040\0003\000D\000\040\000O\000b\000j\000e\000c\000t\000\040\000D\000e\000t\000e\000c\000t\000i\000o\000n\000\040\000w\000i\000t\000h\000\040\000R\000o\000I}{section.2}% 4
\BOOKMARK [1][]{section.3}{\376\377\000M\000e\000t\000h\000o\000d}{}% 5
\BOOKMARK [2][]{subsection.3.1}{\376\377\000P\000r\000o\000b\000l\000e\000m\000\040\000D\000e\000f\000i\000n\000i\000t\000i\000o\000n}{section.3}% 6
\BOOKMARK [2][]{subsection.3.2}{\376\377\000O\000v\000e\000r\000v\000i\000e\000w}{section.3}% 7
\BOOKMARK [3][]{subsubsection.3.2.1}{\376\377\000I\000m\000a\000g\000e\000\040\000B\000a\000c\000k\000b\000o\000n\000e}{subsection.3.2}% 8
\BOOKMARK [3][]{subsubsection.3.2.2}{\376\377\0002\000D\000\040\000D\000e\000t\000e\000c\000t\000i\000o\000n\000\040\000H\000e\000a\000d}{subsection.3.2}% 9
\BOOKMARK [3][]{subsubsection.3.2.3}{\376\377\000M\000u\000l\000t\000i\000-\000S\000c\000a\000l\000e\000\040\000G\000r\000i\000d\000\040\000A\000t\000t\000e\000n\000t\000i\000o\000n\000\040\000M\000o\000d\000u\000l\000e}{subsection.3.2}% 10
\BOOKMARK [3][]{subsubsection.3.2.4}{\376\377\0003\000D\000\040\000D\000e\000t\000e\000c\000t\000i\000o\000n\000\040\000H\000e\000a\000d}{subsection.3.2}% 11
\BOOKMARK [3][]{subsubsection.3.2.5}{\376\377\000K\000e\000y\000p\000o\000i\000n\000t\000\040\000E\000s\000t\000i\000m\000a\000t\000i\000o\000n}{subsection.3.2}% 12
\BOOKMARK [3][]{subsubsection.3.2.6}{\376\377\000L\000o\000s\000s\000\040\000F\000u\000n\000c\000t\000i\000o\000n\000s}{subsection.3.2}% 13
\BOOKMARK [4][]{section*.2}{\376\377\0002\000D\000\040\000H\000e\000a\000t\000m\000a\000p}{subsubsection.3.2.6}% 14
\BOOKMARK [4][]{section*.3}{\376\377\0002\000D\000\040\000B\000o\000x}{subsubsection.3.2.6}% 15
\BOOKMARK [4][]{section*.4}{\376\377\0003\000D\000\040\000B\000o\000x}{subsubsection.3.2.6}% 16
\BOOKMARK [4][]{section*.5}{\376\377\000D\000e\000p\000t\000h}{subsubsection.3.2.6}% 17
\BOOKMARK [4][]{section*.6}{\376\377\000O\000r\000i\000e\000n\000t\000a\000t\000i\000o\000n\000\040\000A\000n\000g\000l\000e}{subsubsection.3.2.6}% 18
\BOOKMARK [4][]{section*.7}{\376\377\000K\000e\000y\000p\000o\000i\000n\000t\000s}{subsubsection.3.2.6}% 19
\BOOKMARK [2][]{subsection.3.3}{\376\377\000P\000r\000o\000b\000a\000b\000i\000l\000i\000s\000t\000i\000c\000\040\000P\000o\000s\000t\000\040\000P\000r\000o\000c\000e\000s\000s\000i\000n\000g}{section.3}% 20
\BOOKMARK [1][]{section.4}{\376\377\000E\000x\000p\000e\000r\000i\000m\000e\000n\000t\000s}{}% 21
\BOOKMARK [2][]{subsection.4.1}{\376\377\000D\000a\000t\000a\000s\000e\000t}{section.4}% 22
\BOOKMARK [3][]{subsubsection.4.1.1}{\376\377\000K\000I\000T\000T\000I\000\040\000D\000a\000t\000a\000s\000e\000t}{subsection.4.1}% 23
\BOOKMARK [3][]{subsubsection.4.1.2}{\376\377\000W\000a\000y\000m\000o\000\040\000D\000a\000t\000a\000s\000e\000t}{subsection.4.1}% 24
\BOOKMARK [2][]{subsection.4.2}{\376\377\000I\000m\000p\000l\000e\000m\000e\000n\000t\000a\000t\000i\000o\000n\000\040\000D\000e\000t\000a\000i\000l\000s}{section.4}% 25
\BOOKMARK [2][]{subsection.4.3}{\376\377\000E\000x\000p\000e\000r\000i\000m\000e\000n\000t\000\040\000R\000e\000s\000u\000l\000t\000s}{section.4}% 26
\BOOKMARK [3][]{subsubsection.4.3.1}{\376\377\000K\000I\000T\000T\000I\000\040\000T\000e\000s\000t\000\040\000D\000a\000t\000a\000s\000e\000t}{subsection.4.3}% 27
\BOOKMARK [3][]{subsubsection.4.3.2}{\376\377\000K\000I\000T\000T\000I\000\040\000V\000a\000l\000i\000d\000a\000t\000i\000o\000n\000\040\000D\000a\000t\000a\000s\000e\000t}{subsection.4.3}% 28
\BOOKMARK [3][]{subsubsection.4.3.3}{\376\377\000W\000a\000y\000m\000o\000\040\000V\000a\000l\000i\000d\000a\000t\000i\000o\000n\000\040\000D\000a\000t\000a\000s\000e\000t}{subsection.4.3}% 29
\BOOKMARK [2][]{subsection.4.4}{\376\377\000A\000b\000l\000a\000t\000i\000o\000n\000\040\000S\000t\000u\000d\000i\000e\000s}{section.4}% 30
\BOOKMARK [3][]{subsubsection.4.4.1}{\376\377\000I\000n\000f\000l\000u\000e\000n\000c\000e\000\040\000o\000f\000\040\000d\000i\000f\000f\000e\000r\000e\000n\000t\000\040\000c\000o\000m\000p\000o\000n\000e\000n\000t\000s}{subsection.4.4}% 31
\BOOKMARK [3][]{subsubsection.4.4.2}{\376\377\000I\000n\000f\000l\000u\000e\000n\000c\000e\000\040\000o\000f\000\040\000M\000u\000l\000t\000i\000-\000S\000c\000a\000l\000e\000\040\000M\000e\000t\000h\000o\000d\000s}{subsection.4.4}% 32
\BOOKMARK [3][]{subsubsection.4.4.3}{\376\377\000I\000n\000f\000l\000u\000e\000n\000c\000e\000\040\000o\000f\000\040\000G\000r\000i\000d\000\040\000A\000t\000t\000e\000n\000t\000i\000o\000n\000\040\000A\000c\000t\000i\000v\000a\000t\000i\000o\000n\000\040\000F\000u\000n\000c\000t\000i\000o\000n}{subsection.4.4}% 33
\BOOKMARK [3][]{subsubsection.4.4.4}{\376\377\000I\000n\000f\000l\000u\000e\000n\000c\000e\000\040\000o\000f\000\040\000P\000r\000o\000b\000a\000b\000i\000l\000i\000s\000t\000i\000c\000\040\000P\000o\000s\000t\000i\000n\000g\000\040\000P\000r\000o\000c\000e\000s\000s\000i\000n\000g}{subsection.4.4}% 34
\BOOKMARK [1][]{section.5}{\376\377\000C\000o\000n\000c\000l\000u\000s\000i\000o\000n}{}% 35
\BOOKMARK [2][]{section*.8}{\376\377\000A\000c\000k\000n\000o\000w\000l\000e\000d\000g\000e\000m\000e\000n\000t\000s}{section.5}% 36
