This is pdfTeX, Version 3.141592653-2.6-1.40.24 (TeX Live 2022) (preloaded format=pdflatex 2022.8.11)  23 JUN 2024 14:01
entering extended mode
 restricted \write18 enabled.
 %&-line parsing enabled.
**manuscript.tex
(./manuscript.tex
LaTeX2e <2022-06-01> patch level 5
L3 programming layer <2022-08-05>
(/usr/local/texlive/2022/texmf-dist/tex/latex/ieeetran/IEEEtran.cls
Document Class: IEEEtran 2015/08/26 V1.8b by Michael Shell
-- See the "IEEEtran_HOWTO" manual for usage information.
-- http://www.michaelshell.org/tex/ieeetran/
\@IEEEtrantmpdimenA=\dimen138
\@IEEEtrantmpdimenB=\dimen139
\@IEEEtrantmpdimenC=\dimen140
\@IEEEtrantmpcountA=\count185
\@IEEEtrantmpcountB=\count186
\@IEEEtrantmpcountC=\count187
\@IEEEtrantmptoksA=\toks16
LaTeX Font Info:    Trying to load font information for OT1+ptm on input line 5
03.
(/usr/local/texlive/2022/texmf-dist/tex/latex/psnfss/ot1ptm.fd
File: ot1ptm.fd 2001/06/04 font definitions for OT1/ptm.
)
-- Using 8.5in x 11in (letter) paper.
-- Using PDF output.
\@IEEEnormalsizeunitybaselineskip=\dimen141
-- This is a 10 point document.
\CLASSINFOnormalsizebaselineskip=\dimen142
\CLASSINFOnormalsizeunitybaselineskip=\dimen143
\IEEEnormaljot=\dimen144
LaTeX Font Info:    Font shape `OT1/ptm/bx/n' in size <5> not available
(Font)              Font shape `OT1/ptm/b/n' tried instead on input line 1090.
LaTeX Font Info:    Font shape `OT1/ptm/bx/it' in size <5> not available
(Font)              Font shape `OT1/ptm/b/it' tried instead on input line 1090.

LaTeX Font Info:    Font shape `OT1/ptm/bx/n' in size <7> not available
(Font)              Font shape `OT1/ptm/b/n' tried instead on input line 1090.
LaTeX Font Info:    Font shape `OT1/ptm/bx/it' in size <7> not available
(Font)              Font shape `OT1/ptm/b/it' tried instead on input line 1090.

LaTeX Font Info:    Font shape `OT1/ptm/bx/n' in size <8> not available
(Font)              Font shape `OT1/ptm/b/n' tried instead on input line 1090.
LaTeX Font Info:    Font shape `OT1/ptm/bx/it' in size <8> not available
(Font)              Font shape `OT1/ptm/b/it' tried instead on input line 1090.

LaTeX Font Info:    Font shape `OT1/ptm/bx/n' in size <9> not available
(Font)              Font shape `OT1/ptm/b/n' tried instead on input line 1090.
LaTeX Font Info:    Font shape `OT1/ptm/bx/it' in size <9> not available
(Font)              Font shape `OT1/ptm/b/it' tried instead on input line 1090.

LaTeX Font Info:    Font shape `OT1/ptm/bx/n' in size <10> not available
(Font)              Font shape `OT1/ptm/b/n' tried instead on input line 1090.
LaTeX Font Info:    Font shape `OT1/ptm/bx/it' in size <10> not available
(Font)              Font shape `OT1/ptm/b/it' tried instead on input line 1090.

LaTeX Font Info:    Font shape `OT1/ptm/bx/n' in size <11> not available
(Font)              Font shape `OT1/ptm/b/n' tried instead on input line 1090.
LaTeX Font Info:    Font shape `OT1/ptm/bx/it' in size <11> not available
(Font)              Font shape `OT1/ptm/b/it' tried instead on input line 1090.

LaTeX Font Info:    Font shape `OT1/ptm/bx/n' in size <12> not available
(Font)              Font shape `OT1/ptm/b/n' tried instead on input line 1090.
LaTeX Font Info:    Font shape `OT1/ptm/bx/it' in size <12> not available
(Font)              Font shape `OT1/ptm/b/it' tried instead on input line 1090.

LaTeX Font Info:    Font shape `OT1/ptm/bx/n' in size <17> not available
(Font)              Font shape `OT1/ptm/b/n' tried instead on input line 1090.
LaTeX Font Info:    Font shape `OT1/ptm/bx/it' in size <17> not available
(Font)              Font shape `OT1/ptm/b/it' tried instead on input line 1090.

LaTeX Font Info:    Font shape `OT1/ptm/bx/n' in size <20> not available
(Font)              Font shape `OT1/ptm/b/n' tried instead on input line 1090.
LaTeX Font Info:    Font shape `OT1/ptm/bx/it' in size <20> not available
(Font)              Font shape `OT1/ptm/b/it' tried instead on input line 1090.

LaTeX Font Info:    Font shape `OT1/ptm/bx/n' in size <24> not available
(Font)              Font shape `OT1/ptm/b/n' tried instead on input line 1090.
LaTeX Font Info:    Font shape `OT1/ptm/bx/it' in size <24> not available
(Font)              Font shape `OT1/ptm/b/it' tried instead on input line 1090.

\IEEEquantizedlength=\dimen145
\IEEEquantizedlengthdiff=\dimen146
\IEEEquantizedtextheightdiff=\dimen147
\IEEEilabelindentA=\dimen148
\IEEEilabelindentB=\dimen149
\IEEEilabelindent=\dimen150
\IEEEelabelindent=\dimen151
\IEEEdlabelindent=\dimen152
\IEEElabelindent=\dimen153
\IEEEiednormlabelsep=\dimen154
\IEEEiedmathlabelsep=\dimen155
\IEEEiedtopsep=\skip47
\c@section=\count188
\c@subsection=\count189
\c@subsubsection=\count190
\c@paragraph=\count191
\c@IEEEsubequation=\count192
\abovecaptionskip=\skip48
\belowcaptionskip=\skip49
\c@figure=\count193
\c@table=\count194
\@IEEEeqnnumcols=\count195
\@IEEEeqncolcnt=\count196
\@IEEEsubeqnnumrollback=\count197
\@IEEEquantizeheightA=\dimen156
\@IEEEquantizeheightB=\dimen157
\@IEEEquantizeheightC=\dimen158
\@IEEEquantizeprevdepth=\dimen159
\@IEEEquantizemultiple=\count198
\@IEEEquantizeboxA=\box51
\@IEEEtmpitemindent=\dimen160
\IEEEPARstartletwidth=\dimen161
\c@IEEEbiography=\count199
\@IEEEtranrubishbin=\box52
) (/usr/local/texlive/2022/texmf-dist/tex/latex/amsmath/amsmath.sty
Package: amsmath 2022/04/08 v2.17n AMS math features
\@mathmargin=\skip50

For additional information on amsmath, use the `?' option.
(/usr/local/texlive/2022/texmf-dist/tex/latex/amsmath/amstext.sty
Package: amstext 2021/08/26 v2.01 AMS text

(/usr/local/texlive/2022/texmf-dist/tex/latex/amsmath/amsgen.sty
File: amsgen.sty 1999/11/30 v2.0 generic functions
\@emptytoks=\toks17
\ex@=\dimen162
))
(/usr/local/texlive/2022/texmf-dist/tex/latex/amsmath/amsbsy.sty
Package: amsbsy 1999/11/29 v1.2d Bold Symbols
\pmbraise@=\dimen163
)
(/usr/local/texlive/2022/texmf-dist/tex/latex/amsmath/amsopn.sty
Package: amsopn 2022/04/08 v2.04 operator names
)
\inf@bad=\count266
LaTeX Info: Redefining \frac on input line 234.
\uproot@=\count267
\leftroot@=\count268
LaTeX Info: Redefining \overline on input line 399.
LaTeX Info: Redefining \colon on input line 410.
\classnum@=\count269
\DOTSCASE@=\count270
LaTeX Info: Redefining \ldots on input line 496.
LaTeX Info: Redefining \dots on input line 499.
LaTeX Info: Redefining \cdots on input line 620.
\Mathstrutbox@=\box53
\strutbox@=\box54
LaTeX Info: Redefining \big on input line 722.
LaTeX Info: Redefining \Big on input line 723.
LaTeX Info: Redefining \bigg on input line 724.
LaTeX Info: Redefining \Bigg on input line 725.
\big@size=\dimen164
LaTeX Font Info:    Redeclaring font encoding OML on input line 743.
LaTeX Font Info:    Redeclaring font encoding OMS on input line 744.
\macc@depth=\count271
LaTeX Info: Redefining \bmod on input line 905.
LaTeX Info: Redefining \pmod on input line 910.
LaTeX Info: Redefining \smash on input line 940.
LaTeX Info: Redefining \relbar on input line 970.
LaTeX Info: Redefining \Relbar on input line 971.
\c@MaxMatrixCols=\count272
\dotsspace@=\muskip16
\c@parentequation=\count273
\dspbrk@lvl=\count274
\tag@help=\toks18
\row@=\count275
\column@=\count276
\maxfields@=\count277
\andhelp@=\toks19
\eqnshift@=\dimen165
\alignsep@=\dimen166
\tagshift@=\dimen167
\tagwidth@=\dimen168
\totwidth@=\dimen169
\lineht@=\dimen170
\@envbody=\toks20
\multlinegap=\skip51
\multlinetaggap=\skip52
\mathdisplay@stack=\toks21
LaTeX Info: Redefining \[ on input line 2953.
LaTeX Info: Redefining \] on input line 2954.
)
(/usr/local/texlive/2022/texmf-dist/tex/latex/amsfonts/amsfonts.sty
Package: amsfonts 2013/01/14 v3.01 Basic AMSFonts support
\symAMSa=\mathgroup4
\symAMSb=\mathgroup5
LaTeX Font Info:    Redeclaring math symbol \hbar on input line 98.
LaTeX Font Info:    Overwriting math alphabet `\mathfrak' in version `bold'
(Font)                  U/euf/m/n --> U/euf/b/n on input line 106.
)
(/usr/local/texlive/2022/texmf-dist/tex/latex/algorithms/algorithmic.sty
Package: algorithmic 2009/08/24 v0.1 Document Style `algorithmic'

(/usr/local/texlive/2022/texmf-dist/tex/latex/base/ifthen.sty
Package: ifthen 2022/04/13 v1.1d Standard LaTeX ifthen package (DPC)
)
(/usr/local/texlive/2022/texmf-dist/tex/latex/graphics/keyval.sty
Package: keyval 2022/05/29 v1.15 key=value parser (DPC)
\KV@toks@=\toks22
)
\c@ALC@unique=\count278
\c@ALC@line=\count279
\c@ALC@rem=\count280
\c@ALC@depth=\count281
\ALC@tlm=\skip53
\algorithmicindent=\skip54
)
(/usr/local/texlive/2022/texmf-dist/tex/latex/tools/array.sty
Package: array 2022/03/10 v2.5f Tabular extension package (FMi)
\col@sep=\dimen171
\ar@mcellbox=\box55
\extrarowheight=\dimen172
\NC@list=\toks23
\extratabsurround=\skip55
\backup@length=\skip56
\ar@cellbox=\box56
)
(/usr/local/texlive/2022/texmf-dist/tex/latex/subfig/subfig.sty
Package: subfig 2005/06/28 ver: 1.3 subfig package

(/usr/local/texlive/2022/texmf-dist/tex/latex/caption/caption3.sty
Package: caption3 2022/03/17 v2.3b caption3 kernel (AR)
\caption@tempdima=\dimen173
\captionmargin=\dimen174
\caption@leftmargin=\dimen175
\caption@rightmargin=\dimen176
\caption@width=\dimen177
\caption@indent=\dimen178
\caption@parindent=\dimen179
\caption@hangindent=\dimen180
Package caption Info: Unknown document class (or package),
(caption)             standard defaults will be used.
Package caption Info: \@makecaption = \long macro:#1#2->\ifx \@captype \@IEEEta
blestring \footnotesize \bgroup \par \centering \@IEEEtabletopskipstrut {\norma
lfont \footnotesize #1}\\{\normalfont \footnotesize \scshape #2}\par \addvspace
 {0.5\baselineskip }\egroup \@IEEEtablecaptionsepspace \else \@IEEEfigurecaptio
nsepspace \setbox \@tempboxa \hbox {\normalfont \footnotesize {#1.}\nobreakspac
e \nobreakspace #2}\ifdim \wd \@tempboxa >\hsize \setbox \@tempboxa \hbox {\nor
malfont \footnotesize {#1.}\nobreakspace \nobreakspace }\parbox [t]{\hsize }{\n
ormalfont \footnotesize \noindent \unhbox \@tempboxa #2}\else \ifCLASSOPTIONcon
ference \hbox to\hsize {\normalfont \footnotesize \hfil \box \@tempboxa \hfil }
\else \hbox to\hsize {\normalfont \footnotesize \box \@tempboxa \hfil }\fi \fi 
\fi  on input line 1176.
)
\c@KVtest=\count282
\sf@farskip=\skip57
\sf@captopadj=\dimen181
\sf@capskip=\skip58
\sf@nearskip=\skip59
\c@subfigure=\count283
\c@subfigure@save=\count284
\c@lofdepth=\count285
\c@subtable=\count286
\c@subtable@save=\count287
\c@lotdepth=\count288
\sf@top=\skip60
\sf@bottom=\skip61
)
(/usr/local/texlive/2022/texmf-dist/tex/latex/base/textcomp.sty
Package: textcomp 2020/02/02 v2.0n Standard LaTeX package
)
(/usr/local/texlive/2022/texmf-dist/tex/latex/sttools/stfloats.sty
Package: stfloats 2017/03/27 v3.3 Improve float mechanism and baselineskip sett
ings
\@dblbotnum=\count289
\c@dblbotnumber=\count290
)
(/usr/local/texlive/2022/texmf-dist/tex/latex/url/url.sty
\Urlmuskip=\muskip17
Package: url 2013/09/16  ver 3.4  Verb mode for urls, etc.
)
(/usr/local/texlive/2022/texmf-dist/tex/latex/tools/verbatim.sty
Package: verbatim 2020-07-07 v1.5u LaTeX2e package for verbatim enhancements
\every@verbatim=\toks24
\verbatim@line=\toks25
\verbatim@in@stream=\read2
)
(/usr/local/texlive/2022/texmf-dist/tex/latex/graphics/graphicx.sty
Package: graphicx 2021/09/16 v1.2d Enhanced LaTeX Graphics (DPC,SPQR)

(/usr/local/texlive/2022/texmf-dist/tex/latex/graphics/graphics.sty
Package: graphics 2022/03/10 v1.4e Standard LaTeX Graphics (DPC,SPQR)

(/usr/local/texlive/2022/texmf-dist/tex/latex/graphics/trig.sty
Package: trig 2021/08/11 v1.11 sin cos tan (DPC)
)
(/usr/local/texlive/2022/texmf-dist/tex/latex/graphics-cfg/graphics.cfg
File: graphics.cfg 2016/06/04 v1.11 sample graphics configuration
)
Package graphics Info: Driver file: pdftex.def on input line 107.

(/usr/local/texlive/2022/texmf-dist/tex/latex/graphics-def/pdftex.def
File: pdftex.def 2020/10/05 v1.2a Graphics/color driver for pdftex
))
\Gin@req@height=\dimen182
\Gin@req@width=\dimen183
)
(/usr/local/texlive/2022/texmf-dist/tex/latex/multirow/multirow.sty
Package: multirow 2021/03/15 v2.8 Span multiple rows of a table
\multirow@colwidth=\skip62
\multirow@cntb=\count291
\multirow@dima=\skip63
\bigstrutjot=\dimen184
)
(/usr/local/texlive/2022/texmf-dist/tex/latex/algorithms/algorithm.sty
Package: algorithm 2009/08/24 v0.1 Document Style `algorithm' - floating enviro
nment

(/usr/local/texlive/2022/texmf-dist/tex/latex/float/float.sty
Package: float 2001/11/08 v1.3d Float enhancements (AL)
\c@float@type=\count292
\float@exts=\toks26
\float@box=\box57
\@float@everytoks=\toks27
\@floatcapt=\box58
)
\@float@every@algorithm=\toks28
\c@algorithm=\count293
)
(/usr/local/texlive/2022/texmf-dist/tex/latex/cite/cite.sty
LaTeX Info: Redefining \cite on input line 302.
LaTeX Info: Redefining \nocite on input line 332.
Package: cite 2015/02/27  v 5.5
)
(/usr/local/texlive/2022/texmf-dist/tex/latex/booktabs/booktabs.sty
Package: booktabs 2020/01/12 v1.61803398 Publication quality tables
\heavyrulewidth=\dimen185
\lightrulewidth=\dimen186
\cmidrulewidth=\dimen187
\belowrulesep=\dimen188
\belowbottomsep=\dimen189
\aboverulesep=\dimen190
\abovetopsep=\dimen191
\cmidrulesep=\dimen192
\cmidrulekern=\dimen193
\defaultaddspace=\dimen194
\@cmidla=\count294
\@cmidlb=\count295
\@aboverulesep=\dimen195
\@belowrulesep=\dimen196
\@thisruleclass=\count296
\@lastruleclass=\count297
\@thisrulewidth=\dimen197
)
(/usr/local/texlive/2022/texmf-dist/tex/latex/tools/longtable.sty
Package: longtable 2021-09-01 v4.17 Multi-page Table package (DPC)
\LTleft=\skip64
\LTright=\skip65
\LTpre=\skip66
\LTpost=\skip67
\LTchunksize=\count298
\LTcapwidth=\dimen198
\LT@head=\box59
\LT@firsthead=\box60
\LT@foot=\box61
\LT@lastfoot=\box62
\LT@gbox=\box63
\LT@cols=\count299
\LT@rows=\count300
\c@LT@tables=\count301
\c@LT@chunks=\count302
\LT@p@ftn=\toks29
)
(/usr/local/texlive/2022/texmf-dist/tex/latex/tools/multicol.sty
Package: multicol 2021/11/30 v1.9d multicolumn formatting (FMi)
\c@tracingmulticols=\count303
\mult@box=\box64
\multicol@leftmargin=\dimen199
\c@unbalance=\count304
\c@collectmore=\count305
\doublecol@number=\count306
\multicoltolerance=\count307
\multicolpretolerance=\count308
\full@width=\dimen256
\page@free=\dimen257
\premulticols=\dimen258
\postmulticols=\dimen259
\multicolsep=\skip68
\multicolbaselineskip=\skip69
\partial@page=\box65
\last@line=\box66
\maxbalancingoverflow=\dimen260
\mult@rightbox=\box67
\mult@grightbox=\box68
\mult@firstbox=\box69
\mult@gfirstbox=\box70
\@tempa=\box71
\@tempa=\box72
\@tempa=\box73
\@tempa=\box74
\@tempa=\box75
\@tempa=\box76
\@tempa=\box77
\@tempa=\box78
\@tempa=\box79
\@tempa=\box80
\@tempa=\box81
\@tempa=\box82
\@tempa=\box83
\@tempa=\box84
\@tempa=\box85
\@tempa=\box86
\@tempa=\box87
\@tempa=\box88
\@tempa=\box89
\@tempa=\box90
\@tempa=\box91
\@tempa=\box92
\@tempa=\box93
\@tempa=\box94
\@tempa=\box95
\@tempa=\box96
\@tempa=\box97
\@tempa=\box98
\@tempa=\box99
\@tempa=\box100
\@tempa=\box101
\@tempa=\box102
\@tempa=\box103
\@tempa=\box104
\@tempa=\box105
\@tempa=\box106
\c@minrows=\count309
\c@columnbadness=\count310
\c@finalcolumnbadness=\count311
\last@try=\dimen261
\multicolovershoot=\dimen262
\multicolundershoot=\dimen263
\mult@nat@firstbox=\box107
\colbreak@box=\box108
\mc@col@check@num=\count312
)
(/usr/local/texlive/2022/texmf-dist/tex/latex/lipsum/lipsum.sty
(/usr/local/texlive/2022/texmf-dist/tex/latex/l3packages/l3keys2e/l3keys2e.sty
(/usr/local/texlive/2022/texmf-dist/tex/latex/l3kernel/expl3.sty
Package: expl3 2022-08-05 L3 programming layer (loader) 

(/usr/local/texlive/2022/texmf-dist/tex/latex/l3backend/l3backend-pdftex.def
File: l3backend-pdftex.def 2022-08-05 L3 backend support: PDF output (pdfTeX)
\l__color_backend_stack_int=\count313
\l__pdf_internal_box=\box109
))
Package: l3keys2e 2022-06-22 LaTeX2e option processing using LaTeX3 keys
)
Package: lipsum 2021-09-20 v2.7 150 paragraphs of Lorem Ipsum dummy text
\g__lipsum_par_int=\count314
\l__lipsum_a_int=\count315
\l__lipsum_b_int=\count316
(/usr/local/texlive/2022/texmf-dist/tex/latex/lipsum/lipsum.ltd.tex))
(/usr/local/texlive/2022/texmf-dist/tex/latex/tools/tabularx.sty
Package: tabularx 2020/01/15 v2.11c `tabularx' package (DPC)
\TX@col@width=\dimen264
\TX@old@table=\dimen265
\TX@old@col=\dimen266
\TX@target=\dimen267
\TX@delta=\dimen268
\TX@cols=\count317
\TX@ftn=\toks30
)
(/usr/local/texlive/2022/texmf-dist/tex/latex/svg/svg.sty
Package: svg 2020/11/26 v2.02k (include SVG pictures)

(/usr/local/texlive/2022/texmf-dist/tex/generic/iftex/iftex.sty
Package: iftex 2022/02/03 v1.0f TeX engine tests
)
(/usr/local/texlive/2022/texmf-dist/tex/latex/koma-script/scrbase.sty
Package: scrbase 2022/07/04 v3.37 KOMA-Script package (KOMA-Script-independent 
basics and keyval usage)

(/usr/local/texlive/2022/texmf-dist/tex/latex/koma-script/scrlfile.sty
Package: scrlfile 2022/07/04 v3.37 KOMA-Script package (file load hooks)

(/usr/local/texlive/2022/texmf-dist/tex/latex/koma-script/scrlfile-hook.sty
Package: scrlfile-hook 2022/07/04 v3.37 KOMA-Script package (using LaTeX hooks)


(/usr/local/texlive/2022/texmf-dist/tex/latex/koma-script/scrlogo.sty
Package: scrlogo 2022/07/04 v3.37 KOMA-Script package (logo)
)))
Applying: [2021/05/01] Usage of raw or classic option list on input line 252.
Already applied: [0000/00/00] Usage of raw or classic option list on input line
 368.
)
(/usr/local/texlive/2022/texmf-dist/tex/generic/pdftexcmds/pdftexcmds.sty
Package: pdftexcmds 2020-06-27 v0.33 Utility functions of pdfTeX for LuaTeX (HO
)

(/usr/local/texlive/2022/texmf-dist/tex/generic/infwarerr/infwarerr.sty
Package: infwarerr 2019/12/03 v1.5 Providing info/warning/error messages (HO)
)
(/usr/local/texlive/2022/texmf-dist/tex/generic/ltxcmds/ltxcmds.sty
Package: ltxcmds 2020-05-10 v1.25 LaTeX kernel commands for general use (HO)
)
Package pdftexcmds Info: \pdf@primitive is available.
Package pdftexcmds Info: \pdf@ifprimitive is available.
Package pdftexcmds Info: \pdfdraftmode found.
)
(/usr/local/texlive/2022/texmf-dist/tex/latex/trimspaces/trimspaces.sty
Package: trimspaces 2009/09/17 v1.1 Trim spaces around a token list
)
(/usr/local/texlive/2022/texmf-dist/tex/latex/tools/shellesc.sty
Package: shellesc 2019/11/08 v1.0c unified shell escape interface for LaTeX
Package shellesc Info: Restricted shell escape enabled on input line 77.
)
\c@svg@param@lastpage=\count318
\svg@box=\box110
\c@svg@param@currpage=\count319
)
(/usr/local/texlive/2022/texmf-dist/tex/latex/xcolor/xcolor.sty
Package: xcolor 2022/06/12 v2.14 LaTeX color extensions (UK)

(/usr/local/texlive/2022/texmf-dist/tex/latex/graphics-cfg/color.cfg
File: color.cfg 2016/01/02 v1.6 sample color configuration
)
Package xcolor Info: Driver file: pdftex.def on input line 227.

(/usr/local/texlive/2022/texmf-dist/tex/latex/graphics/mathcolor.ltx)
Package xcolor Info: Model `cmy' substituted by `cmy0' on input line 1353.
Package xcolor Info: Model `hsb' substituted by `rgb' on input line 1357.
Package xcolor Info: Model `RGB' extended on input line 1369.
Package xcolor Info: Model `HTML' substituted by `rgb' on input line 1371.
Package xcolor Info: Model `Hsb' substituted by `hsb' on input line 1372.
Package xcolor Info: Model `tHsb' substituted by `hsb' on input line 1373.
Package xcolor Info: Model `HSB' substituted by `hsb' on input line 1374.
Package xcolor Info: Model `Gray' substituted by `gray' on input line 1375.
Package xcolor Info: Model `wave' substituted by `hsb' on input line 1376.
)
(/usr/local/texlive/2022/texmf-dist/tex/latex/transparent/transparent.sty
Package: transparent 2019/11/29 v1.4 Transparency via pdfTeX's color stack (HO)


(/usr/local/texlive/2022/texmf-dist/tex/latex/auxhook/auxhook.sty
Package: auxhook 2019-12-17 v1.6 Hooks for auxiliary files (HO)
))
(/usr/local/texlive/2022/texmf-dist/tex/latex/pgf/systemlayer/pgfsys.sty
(/usr/local/texlive/2022/texmf-dist/tex/latex/pgf/utilities/pgfrcs.sty
(/usr/local/texlive/2022/texmf-dist/tex/generic/pgf/utilities/pgfutil-common.te
x
\pgfutil@everybye=\toks31
\pgfutil@tempdima=\dimen269
\pgfutil@tempdimb=\dimen270

(/usr/local/texlive/2022/texmf-dist/tex/generic/pgf/utilities/pgfutil-common-li
sts.tex))
(/usr/local/texlive/2022/texmf-dist/tex/generic/pgf/utilities/pgfutil-latex.def
\pgfutil@abb=\box111
) (/usr/local/texlive/2022/texmf-dist/tex/generic/pgf/utilities/pgfrcs.code.tex
(/usr/local/texlive/2022/texmf-dist/tex/generic/pgf/pgf.revision.tex)
Package: pgfrcs 2021/05/15 v3.1.9a (3.1.9a)
))
(/usr/local/texlive/2022/texmf-dist/tex/generic/pgf/systemlayer/pgfsys.code.tex
Package: pgfsys 2021/05/15 v3.1.9a (3.1.9a)
(/usr/local/texlive/2022/texmf-dist/tex/generic/pgf/utilities/pgfkeys.code.tex
\pgfkeys@pathtoks=\toks32
\pgfkeys@temptoks=\toks33

(/usr/local/texlive/2022/texmf-dist/tex/generic/pgf/utilities/pgfkeysfiltered.c
ode.tex
\pgfkeys@tmptoks=\toks34
))
\pgf@x=\dimen271
\pgf@y=\dimen272
\pgf@xa=\dimen273
\pgf@ya=\dimen274
\pgf@xb=\dimen275
\pgf@yb=\dimen276
\pgf@xc=\dimen277
\pgf@yc=\dimen278
\pgf@xd=\dimen279
\pgf@yd=\dimen280
\w@pgf@writea=\write3
\r@pgf@reada=\read3
\c@pgf@counta=\count320
\c@pgf@countb=\count321
\c@pgf@countc=\count322
\c@pgf@countd=\count323
\t@pgf@toka=\toks35
\t@pgf@tokb=\toks36
\t@pgf@tokc=\toks37
\pgf@sys@id@count=\count324

(/usr/local/texlive/2022/texmf-dist/tex/generic/pgf/systemlayer/pgf.cfg
File: pgf.cfg 2021/05/15 v3.1.9a (3.1.9a)
)
Driver file for pgf: pgfsys-pdftex.def

(/usr/local/texlive/2022/texmf-dist/tex/generic/pgf/systemlayer/pgfsys-pdftex.d
ef
File: pgfsys-pdftex.def 2021/05/15 v3.1.9a (3.1.9a)

(/usr/local/texlive/2022/texmf-dist/tex/generic/pgf/systemlayer/pgfsys-common-p
df.def
File: pgfsys-common-pdf.def 2021/05/15 v3.1.9a (3.1.9a)
)))
(/usr/local/texlive/2022/texmf-dist/tex/generic/pgf/systemlayer/pgfsyssoftpath.
code.tex
File: pgfsyssoftpath.code.tex 2021/05/15 v3.1.9a (3.1.9a)
\pgfsyssoftpath@smallbuffer@items=\count325
\pgfsyssoftpath@bigbuffer@items=\count326
)
(/usr/local/texlive/2022/texmf-dist/tex/generic/pgf/systemlayer/pgfsysprotocol.
code.tex
File: pgfsysprotocol.code.tex 2021/05/15 v3.1.9a (3.1.9a)
)) (/usr/local/texlive/2022/texmf-dist/tex/latex/hyperref/hyperref.sty
Package: hyperref 2022-06-20 v7.00s Hypertext links for LaTeX

(/usr/local/texlive/2022/texmf-dist/tex/generic/kvsetkeys/kvsetkeys.sty
Package: kvsetkeys 2019/12/15 v1.18 Key value parser (HO)
)
(/usr/local/texlive/2022/texmf-dist/tex/generic/kvdefinekeys/kvdefinekeys.sty
Package: kvdefinekeys 2019-12-19 v1.6 Define keys (HO)
)
(/usr/local/texlive/2022/texmf-dist/tex/generic/pdfescape/pdfescape.sty
Package: pdfescape 2019/12/09 v1.15 Implements pdfTeX's escape features (HO)
)
(/usr/local/texlive/2022/texmf-dist/tex/latex/hycolor/hycolor.sty
Package: hycolor 2020-01-27 v1.10 Color options for hyperref/bookmark (HO)
)
(/usr/local/texlive/2022/texmf-dist/tex/latex/letltxmacro/letltxmacro.sty
Package: letltxmacro 2019/12/03 v1.6 Let assignment for LaTeX macros (HO)
)
(/usr/local/texlive/2022/texmf-dist/tex/latex/hyperref/nameref.sty
Package: nameref 2022-05-17 v2.50 Cross-referencing by name of section

(/usr/local/texlive/2022/texmf-dist/tex/latex/refcount/refcount.sty
Package: refcount 2019/12/15 v3.6 Data extraction from label references (HO)
)
(/usr/local/texlive/2022/texmf-dist/tex/generic/gettitlestring/gettitlestring.s
ty
Package: gettitlestring 2019/12/15 v1.6 Cleanup title references (HO)
 (/usr/local/texlive/2022/texmf-dist/tex/latex/kvoptions/kvoptions.sty
Package: kvoptions 2022-06-15 v3.15 Key value format for package options (HO)
))
\c@section@level=\count327
)
\@linkdim=\dimen281
\Hy@linkcounter=\count328
\Hy@pagecounter=\count329

(/usr/local/texlive/2022/texmf-dist/tex/latex/hyperref/pd1enc.def
File: pd1enc.def 2022-06-20 v7.00s Hyperref: PDFDocEncoding definition (HO)
Now handling font encoding PD1 ...
... no UTF-8 mapping file for font encoding PD1
)
(/usr/local/texlive/2022/texmf-dist/tex/generic/intcalc/intcalc.sty
Package: intcalc 2019/12/15 v1.3 Expandable calculations with integers (HO)
)
(/usr/local/texlive/2022/texmf-dist/tex/generic/etexcmds/etexcmds.sty
Package: etexcmds 2019/12/15 v1.7 Avoid name clashes with e-TeX commands (HO)
)
\Hy@SavedSpaceFactor=\count330

(/usr/local/texlive/2022/texmf-dist/tex/latex/hyperref/puenc.def
File: puenc.def 2022-06-20 v7.00s Hyperref: PDF Unicode definition (HO)
Now handling font encoding PU ...
... no UTF-8 mapping file for font encoding PU
)
Package hyperref Info: Option `colorlinks' set `true' on input line 4045.
Package hyperref Info: Hyper figures OFF on input line 4162.
Package hyperref Info: Link nesting OFF on input line 4167.
Package hyperref Info: Hyper index ON on input line 4170.
Package hyperref Info: Plain pages OFF on input line 4177.
Package hyperref Info: Backreferencing OFF on input line 4182.
Package hyperref Info: Implicit mode ON; LaTeX internals redefined.
Package hyperref Info: Bookmarks ON on input line 4408.
\c@Hy@tempcnt=\count331
LaTeX Info: Redefining \url on input line 4746.
\XeTeXLinkMargin=\dimen282

(/usr/local/texlive/2022/texmf-dist/tex/generic/bitset/bitset.sty
Package: bitset 2019/12/09 v1.3 Handle bit-vector datatype (HO)

(/usr/local/texlive/2022/texmf-dist/tex/generic/bigintcalc/bigintcalc.sty
Package: bigintcalc 2019/12/15 v1.5 Expandable calculations on big integers (HO
)
))
\Fld@menulength=\count332
\Field@Width=\dimen283
\Fld@charsize=\dimen284
Package hyperref Info: Hyper figures OFF on input line 6024.
Package hyperref Info: Link nesting OFF on input line 6029.
Package hyperref Info: Hyper index ON on input line 6032.
Package hyperref Info: backreferencing OFF on input line 6039.
Package hyperref Info: Link coloring ON on input line 6042.
Package hyperref Info: Link coloring with OCG OFF on input line 6049.
Package hyperref Info: PDF/A mode OFF on input line 6054.

(/usr/local/texlive/2022/texmf-dist/tex/latex/base/atbegshi-ltx.sty
Package: atbegshi-ltx 2021/01/10 v1.0c Emulation of the original atbegshi
package with kernel methods
)
\Hy@abspage=\count333
\c@Item=\count334
\c@Hfootnote=\count335
)
Package hyperref Info: Driver (autodetected): hpdftex.

(/usr/local/texlive/2022/texmf-dist/tex/latex/hyperref/hpdftex.def
File: hpdftex.def 2022-06-20 v7.00s Hyperref driver for pdfTeX

(/usr/local/texlive/2022/texmf-dist/tex/latex/base/atveryend-ltx.sty
Package: atveryend-ltx 2020/08/19 v1.0a Emulation of the original atveryend pac
kage
with kernel methods
)
\Fld@listcount=\count336
\c@bookmark@seq@number=\count337

(/usr/local/texlive/2022/texmf-dist/tex/latex/rerunfilecheck/rerunfilecheck.sty
Package: rerunfilecheck 2022-07-10 v1.10 Rerun checks for auxiliary files (HO)

(/usr/local/texlive/2022/texmf-dist/tex/generic/uniquecounter/uniquecounter.sty
Package: uniquecounter 2019/12/15 v1.4 Provide unlimited unique counter (HO)
)
Package uniquecounter Info: New unique counter `rerunfilecheck' on input line 2
85.
)
\Hy@SectionHShift=\skip70
) (/usr/local/texlive/2022/texmf-dist/tex/latex/preprint/balance.sty
Package: balance 1999/02/23 4.3 (PWD)
\oldvsize=\dimen285
)
(./manuscript.aux)
\openout1 = `manuscript.aux'.

LaTeX Font Info:    Checking defaults for OML/cmm/m/it on input line 37.
LaTeX Font Info:    ... okay on input line 37.
LaTeX Font Info:    Checking defaults for OMS/cmsy/m/n on input line 37.
LaTeX Font Info:    ... okay on input line 37.
LaTeX Font Info:    Checking defaults for OT1/cmr/m/n on input line 37.
LaTeX Font Info:    ... okay on input line 37.
LaTeX Font Info:    Checking defaults for T1/cmr/m/n on input line 37.
LaTeX Font Info:    ... okay on input line 37.
LaTeX Font Info:    Checking defaults for TS1/cmr/m/n on input line 37.
LaTeX Font Info:    ... okay on input line 37.
LaTeX Font Info:    Checking defaults for OMX/cmex/m/n on input line 37.
LaTeX Font Info:    ... okay on input line 37.
LaTeX Font Info:    Checking defaults for U/cmr/m/n on input line 37.
LaTeX Font Info:    ... okay on input line 37.
LaTeX Font Info:    Checking defaults for PD1/pdf/m/n on input line 37.
LaTeX Font Info:    ... okay on input line 37.
LaTeX Font Info:    Checking defaults for PU/pdf/m/n on input line 37.
LaTeX Font Info:    ... okay on input line 37.

-- Lines per column: 58 (exact).
Package caption Info: Begin \AtBeginDocument code.
Package caption Info: subfig package v1.3 is loaded.
Package caption Info: End \AtBeginDocument code.
(/usr/local/texlive/2022/texmf-dist/tex/context/base/mkii/supp-pdf.mkii
[Loading MPS to PDF converter (version 2006.09.02).]
\scratchcounter=\count338
\scratchdimen=\dimen286
\scratchbox=\box112
\nofMPsegments=\count339
\nofMParguments=\count340
\everyMPshowfont=\toks38
\MPscratchCnt=\count341
\MPscratchDim=\dimen287
\MPnumerator=\count342
\makeMPintoPDFobject=\count343
\everyMPtoPDFconversion=\toks39
) (/usr/local/texlive/2022/texmf-dist/tex/latex/epstopdf-pkg/epstopdf-base.sty
Package: epstopdf-base 2020-01-24 v2.11 Base part for package epstopdf
Package epstopdf-base Info: Redefining graphics rule for `.eps' on input line 4
85.

(/usr/local/texlive/2022/texmf-dist/tex/latex/latexconfig/epstopdf-sys.cfg
File: epstopdf-sys.cfg 2010/07/13 v1.3 Configuration of (r)epstopdf for TeX Liv
e
))
Package hyperref Info: Link coloring ON on input line 37.

(./manuscript.out) (./manuscript.out)
\@outlinefile=\write4
\openout4 = `manuscript.out'.

Package epstopdf Info: Source file: <Figures/depth_residual.eps>
(epstopdf)                    date: 2024-06-23 14:01:00
(epstopdf)                    size: 361540 bytes
(epstopdf)             Output file: <Figures/depth_residual-eps-converted-to.pd
f>
(epstopdf)                    date: 2024-06-23 14:01:00
(epstopdf)                    size: 202784 bytes
(epstopdf)             Command: <repstopdf --outfile=Figures/depth_residual-eps
-converted-to.pdf Figures/depth_residual.eps>
(epstopdf)             \includegraphics on input line 70.
Package epstopdf Info: Output file is already uptodate.
<Figures/depth_residual-eps-converted-to.pdf, id=164, 805.0075pt x 760.8425pt>
File: Figures/depth_residual-eps-converted-to.pdf Graphic file (type pdf)
<use Figures/depth_residual-eps-converted-to.pdf>
Package pdftex.def Info: Figures/depth_residual-eps-converted-to.pdf  used on i
nput line 70.
(pdftex.def)             Requested size: 252.0pt x 238.16902pt.
Package epstopdf Info: Source file: <Figures/visual_depth_offset/visual_depth_o
ffset.eps>
(epstopdf)                    date: 2024-06-23 14:01:00
(epstopdf)                    size: 553438 bytes
(epstopdf)             Output file: <Figures/visual_depth_offset/visual_depth_o
ffset-eps-converted-to.pdf>
(epstopdf)                    date: 2024-06-23 14:01:00
(epstopdf)                    size: 167387 bytes
(epstopdf)             Command: <repstopdf --outfile=Figures/visual_depth_offse
t/visual_depth_offset-eps-converted-to.pdf Figures/visual_depth_offset/visual_d
epth_offset.eps>
(epstopdf)             \includegraphics on input line 76.
Package epstopdf Info: Output file is already uptodate.
<Figures/visual_depth_offset/visual_depth_offset-eps-converted-to.pdf, id=165, 
719.68875pt x 606.265pt>
File: Figures/visual_depth_offset/visual_depth_offset-eps-converted-to.pdf Grap
hic file (type pdf)
<use Figures/visual_depth_offset/visual_depth_offset-eps-converted-to.pdf>
Package pdftex.def Info: Figures/visual_depth_offset/visual_depth_offset-eps-co
nverted-to.pdf  used on input line 76.
(pdftex.def)             Requested size: 252.0pt x 212.28844pt.
Package epstopdf Info: Source file: <Figures/decoupled_depth_fig/decoupled_dept
h.eps>
(epstopdf)                    date: 2024-06-23 14:01:00
(epstopdf)                    size: 50479 bytes
(epstopdf)             Output file: <Figures/decoupled_depth_fig/decoupled_dept
h-eps-converted-to.pdf>
(epstopdf)                    date: 2024-06-23 14:01:00
(epstopdf)                    size: 26089 bytes
(epstopdf)             Command: <repstopdf --outfile=Figures/decoupled_depth_fi
g/decoupled_depth-eps-converted-to.pdf Figures/decoupled_depth_fig/decoupled_de
pth.eps>
(epstopdf)             \includegraphics on input line 82.
Package epstopdf Info: Output file is already uptodate.
<Figures/decoupled_depth_fig/decoupled_depth-eps-converted-to.pdf, id=166, 806.
01125pt x 341.275pt>
File: Figures/decoupled_depth_fig/decoupled_depth-eps-converted-to.pdf Graphic 
file (type pdf)
<use Figures/decoupled_depth_fig/decoupled_depth-eps-converted-to.pdf>
Package pdftex.def Info: Figures/decoupled_depth_fig/decoupled_depth-eps-conver
ted-to.pdf  used on input line 82.
(pdftex.def)             Requested size: 252.0pt x 106.70024pt.
 [1{/usr/local/texlive/2022/texmf-var/fonts/map/pdftex/updmap/pdftex.map}


]
LaTeX Font Info:    Trying to load font information for U+msa on input line 91.


(/usr/local/texlive/2022/texmf-dist/tex/latex/amsfonts/umsa.fd
File: umsa.fd 2013/01/14 v3.01 AMS symbols A
)
LaTeX Font Info:    Trying to load font information for U+msb on input line 91.


(/usr/local/texlive/2022/texmf-dist/tex/latex/amsfonts/umsb.fd
File: umsb.fd 2013/01/14 v3.01 AMS symbols B
)
Underfull \vbox (badness 1226) has occurred while \output is active []

 [2 <./Figures/depth_residual-eps-converted-to.pdf> <./Figures/visual_depth_off
set/visual_depth_offset-eps-converted-to.pdf> <./Figures/decoupled_depth_fig/de
coupled_depth-eps-converted-to.pdf>]
Underfull \hbox (badness 1552) in paragraph at lines 106--107
\OT1/ptm/m/n/10 cor-po-rate at-ten-tion mech-a-nisms to en-hance per-for-mance.

 []

Package epstopdf Info: Source file: <Figures/overview/overview.eps>
(epstopdf)                    date: 2024-06-23 14:01:00
(epstopdf)                    size: 1742266 bytes
(epstopdf)             Output file: <Figures/overview/overview-eps-converted-to
.pdf>
(epstopdf)                    date: 2024-06-23 14:01:00
(epstopdf)                    size: 359165 bytes
(epstopdf)             Command: <repstopdf --outfile=Figures/overview/overview-
eps-converted-to.pdf Figures/overview/overview.eps>
(epstopdf)             \includegraphics on input line 115.
Package epstopdf Info: Output file is already uptodate.
<Figures/overview/overview-eps-converted-to.pdf, id=265, 852.18375pt x 519.9425
pt>
File: Figures/overview/overview-eps-converted-to.pdf Graphic file (type pdf)
<use Figures/overview/overview-eps-converted-to.pdf>
Package pdftex.def Info: Figures/overview/overview-eps-converted-to.pdf  used o
n input line 115.
(pdftex.def)             Requested size: 516.0pt x 314.8399pt.
[3]
Package epstopdf Info: Source file: <Figures/multi-scale/Multi-Scale-Grid-Atten
tion.eps>
(epstopdf)                    date: 2024-06-23 14:01:00
(epstopdf)                    size: 4486184 bytes
(epstopdf)             Output file: <Figures/multi-scale/Multi-Scale-Grid-Atten
tion-eps-converted-to.pdf>
(epstopdf)                    date: 2024-06-23 14:01:00
(epstopdf)                    size: 792180 bytes
(epstopdf)             Command: <repstopdf --outfile=Figures/multi-scale/Multi-
Scale-Grid-Attention-eps-converted-to.pdf Figures/multi-scale/Multi-Scale-Grid-
Attention.eps>
(epstopdf)             \includegraphics on input line 166.
Package epstopdf Info: Output file is already uptodate.
<Figures/multi-scale/Multi-Scale-Grid-Attention-eps-converted-to.pdf, id=313, 1
497.595pt x 721.69624pt>
File: Figures/multi-scale/Multi-Scale-Grid-Attention-eps-converted-to.pdf Graph
ic file (type pdf)
<use Figures/multi-scale/Multi-Scale-Grid-Attention-eps-converted-to.pdf>
Package pdftex.def Info: Figures/multi-scale/Multi-Scale-Grid-Attention-eps-con
verted-to.pdf  used on input line 166.
(pdftex.def)             Requested size: 516.0pt x 248.66612pt.
 [4 <./Figures/overview/overview-eps-converted-to.pdf>] [5 <./Figures/multi-sca
le/Multi-Scale-Grid-Attention-eps-converted-to.pdf>]
Package epstopdf Info: Source file: <Figures/laplace/laplace_distribution.eps>
(epstopdf)                    date: 2024-06-23 14:01:00
(epstopdf)                    size: 109286 bytes
(epstopdf)             Output file: <Figures/laplace/laplace_distribution-eps-c
onverted-to.pdf>
(epstopdf)                    date: 2024-06-23 14:01:00
(epstopdf)                    size: 34334 bytes
(epstopdf)             Command: <repstopdf --outfile=Figures/laplace/laplace_di
stribution-eps-converted-to.pdf Figures/laplace/laplace_distribution.eps>
(epstopdf)             \includegraphics on input line 284.
Package epstopdf Info: Output file is already uptodate.
<Figures/laplace/laplace_distribution-eps-converted-to.pdf, id=394, 1062.97125p
t x 338.26375pt>
File: Figures/laplace/laplace_distribution-eps-converted-to.pdf Graphic file (t
ype pdf)
<use Figures/laplace/laplace_distribution-eps-converted-to.pdf>
Package pdftex.def Info: Figures/laplace/laplace_distribution-eps-converted-to.
pdf  used on input line 284.
(pdftex.def)             Requested size: 252.0pt x 80.18878pt.
 [6 <./Figures/laplace/laplace_distribution-eps-converted-to.pdf>]
Package epstopdf Info: Source file: <Figures/laplace/laplace_cdf.eps>
(epstopdf)                    date: 2024-06-23 14:01:00
(epstopdf)                    size: 50024 bytes
(epstopdf)             Output file: <Figures/laplace/laplace_cdf-eps-converted-
to.pdf>
(epstopdf)                    date: 2024-06-23 14:01:00
(epstopdf)                    size: 18409 bytes
(epstopdf)             Command: <repstopdf --outfile=Figures/laplace/laplace_cd
f-eps-converted-to.pdf Figures/laplace/laplace_cdf.eps>
(epstopdf)             \includegraphics on input line 309.
Package epstopdf Info: Output file is already uptodate.
<Figures/laplace/laplace_cdf-eps-converted-to.pdf, id=425, 440.64626pt x 324.21
124pt>
File: Figures/laplace/laplace_cdf-eps-converted-to.pdf Graphic file (type pdf)
<use Figures/laplace/laplace_cdf-eps-converted-to.pdf>
Package pdftex.def Info: Figures/laplace/laplace_cdf-eps-converted-to.pdf  used
 on input line 309.
(pdftex.def)             Requested size: 252.0pt x 185.41081pt.
Package epstopdf Info: Source file: <Figures/ppp_result/ppp.eps>
(epstopdf)                    date: 2024-06-23 14:01:00
(epstopdf)                    size: 1359549 bytes
(epstopdf)             Output file: <Figures/ppp_result/ppp-eps-converted-to.pd
f>
(epstopdf)                    date: 2024-06-23 14:01:00
(epstopdf)                    size: 981486 bytes
(epstopdf)             Command: <repstopdf --outfile=Figures/ppp_result/ppp-eps
-converted-to.pdf Figures/ppp_result/ppp.eps>
(epstopdf)             \includegraphics on input line 324.
Package epstopdf Info: Output file is already uptodate.
<Figures/ppp_result/ppp-eps-converted-to.pdf, id=428, 603.25375pt x 821.0675pt>

File: Figures/ppp_result/ppp-eps-converted-to.pdf Graphic file (type pdf)
<use Figures/ppp_result/ppp-eps-converted-to.pdf>
Package pdftex.def Info: Figures/ppp_result/ppp-eps-converted-to.pdf  used on i
nput line 324.
(pdftex.def)             Requested size: 252.0pt x 342.97926pt.
 [7 <./Figures/laplace/laplace_cdf-eps-converted-to.pdf> <./Figures/ppp_result/
ppp-eps-converted-to.pdf>]
Package epstopdf Info: Source file: <Figures/affine/affine.eps>
(epstopdf)                    date: 2024-06-23 14:00:59
(epstopdf)                    size: 2662003 bytes
(epstopdf)             Output file: <Figures/affine/affine-eps-converted-to.pdf
>
(epstopdf)                    date: 2024-06-23 14:00:59
(epstopdf)                    size: 386144 bytes
(epstopdf)             Command: <repstopdf --outfile=Figures/affine/affine-eps-
converted-to.pdf Figures/affine/affine.eps>
(epstopdf)             \includegraphics on input line 349.
Package epstopdf Info: Output file is already uptodate.
<Figures/affine/affine-eps-converted-to.pdf, id=448, 966.61125pt x 684.5575pt>
File: Figures/affine/affine-eps-converted-to.pdf Graphic file (type pdf)
<use Figures/affine/affine-eps-converted-to.pdf>
Package pdftex.def Info: Figures/affine/affine-eps-converted-to.pdf  used on in
put line 349.
(pdftex.def)             Requested size: 252.0pt x 178.46124pt.


LaTeX Warning: No positions in optional float specifier.
               Default added (so using `tbp') on input line 356.


LaTeX Warning: No positions in optional float specifier.
               Default added (so using `tbp') on input line 382.


LaTeX Warning: No positions in optional float specifier.
               Default added (so using `tbp') on input line 411.

[8 <./Figures/affine/affine-eps-converted-to.pdf>]

LaTeX Warning: No positions in optional float specifier.
               Default added (so using `tbp') on input line 458.


LaTeX Warning: No positions in optional float specifier.
               Default added (so using `tbp') on input line 479.


LaTeX Warning: No positions in optional float specifier.
               Default added (so using `tbp') on input line 502.


LaTeX Warning: No positions in optional float specifier.
               Default added (so using `tbp') on input line 519.

[9]
Underfull \hbox (badness 1472) in paragraph at lines 559--560
\OT1/ptm/m/n/10 lected the hyper-parameters $\OML/cmm/m/it/10 ^^N$ \OT1/ptm/m/n
/10 in the Prob-a-bilis-tic Post-
 []

[10]
Underfull \hbox (badness 2368) in paragraph at lines 690--691
[]\OT1/ptm/m/n/8 X. Zhou, D. Wang, P. Kr[]ahenb[]uhl, \Ob-jects as points," 201
9,
 []

<Figures/zty.jpg, id=530, 963.6pt x 1024.82875pt>
File: Figures/zty.jpg Graphic file (type jpg)
<use Figures/zty.jpg>
Package pdftex.def Info: Figures/zty.jpg  used on input line 723.
(pdftex.def)             Requested size: 72.26688pt x 76.85884pt.
File: Figures/zty.jpg Graphic file (type jpg)
<use Figures/zty.jpg>
Package pdftex.def Info: Figures/zty.jpg  used on input line 723.
(pdftex.def)             Requested size: 72.26688pt x 76.85884pt.
<Figures/yxy.jpg, id=533, 1053.9375pt x 1505.625pt>
File: Figures/yxy.jpg Graphic file (type jpg)
<use Figures/yxy.jpg>
Package pdftex.def Info: Figures/yxy.jpg  used on input line 729.
(pdftex.def)             Requested size: 63.23352pt x 90.3336pt.
File: Figures/yxy.jpg Graphic file (type jpg)
<use Figures/yxy.jpg>
Package pdftex.def Info: Figures/yxy.jpg  used on input line 729.
(pdftex.def)             Requested size: 63.23352pt x 90.3336pt.
<Figures/lgz.jpg, id=536, 1283.79625pt x 1934.22626pt>
File: Figures/lgz.jpg Graphic file (type jpg)
<use Figures/lgz.jpg>
Package pdftex.def Info: Figures/lgz.jpg  used on input line 734.
(pdftex.def)             Requested size: 59.94272pt x 90.31245pt.
File: Figures/lgz.jpg Graphic file (type jpg)
<use Figures/lgz.jpg>
Package pdftex.def Info: Figures/lgz.jpg  used on input line 734.
(pdftex.def)             Requested size: 59.94272pt x 90.31245pt.
[11 <./Figures/zty.jpg> <./Figures/yxy.jpg> <./Figures/lgz.jpg>]
<Figures/yyz.jpg, id=547, 803.0pt x 803.0pt>
File: Figures/yyz.jpg Graphic file (type jpg)
<use Figures/yyz.jpg>
Package pdftex.def Info: Figures/yyz.jpg  used on input line 737.
(pdftex.def)             Requested size: 72.26688pt x 72.26688pt.
File: Figures/yyz.jpg Graphic file (type jpg)
<use Figures/yyz.jpg>
Package pdftex.def Info: Figures/yyz.jpg  used on input line 737.
(pdftex.def)             Requested size: 72.26688pt x 72.26688pt.
<Figures/wj.png, id=550, 142.28156pt x 164.11313pt>
File: Figures/wj.png Graphic file (type png)
<use Figures/wj.png>
Package pdftex.def Info: Figures/wj.png  used on input line 741.
(pdftex.def)             Requested size: 72.27388pt x 83.36353pt.
File: Figures/wj.png Graphic file (type png)
<use Figures/wj.png>
Package pdftex.def Info: Figures/wj.png  used on input line 741.
(pdftex.def)             Requested size: 72.27388pt x 83.36353pt.
 [12

 <./Figures/yyz.jpg> <./Figures/wj.png>] (./manuscript.aux)
Package rerunfilecheck Info: File `manuscript.out' has not changed.
(rerunfilecheck)             Checksum: A1C1D0E09E4ECE0F7DBF71AFC771ADC6;5778.
 ) 
Here is how much of TeX's memory you used:
 15251 strings out of 477678
 272027 string characters out of 5829475
 731846 words of memory out of 5000000
 33599 multiletter control sequences out of 15000+600000
 510615 words of font info for 104 fonts, out of 8000000 for 9000
 1145 hyphenation exceptions out of 8191
 94i,23n,92p,2190b,575s stack positions out of 10000i,1000n,20000p,200000b,200000s
{/usr/local/texlive/2022/texmf-dist/fonts/enc/dvips/base/8r.enc}</usr/local/t
exlive/2022/texmf-dist/fonts/type1/public/amsfonts/cm/cmex10.pfb></usr/local/te
xlive/2022/texmf-dist/fonts/type1/public/amsfonts/cm/cmmi10.pfb></usr/local/tex
live/2022/texmf-dist/fonts/type1/public/amsfonts/cm/cmmi5.pfb></usr/local/texli
ve/2022/texmf-dist/fonts/type1/public/amsfonts/cm/cmmi7.pfb></usr/local/texlive
/2022/texmf-dist/fonts/type1/public/amsfonts/cm/cmmi8.pfb></usr/local/texlive/2
022/texmf-dist/fonts/type1/public/amsfonts/cm/cmr10.pfb></usr/local/texlive/202
2/texmf-dist/fonts/type1/public/amsfonts/cm/cmr5.pfb></usr/local/texlive/2022/t
exmf-dist/fonts/type1/public/amsfonts/cm/cmr7.pfb></usr/local/texlive/2022/texm
f-dist/fonts/type1/public/amsfonts/cm/cmr8.pfb></usr/local/texlive/2022/texmf-d
ist/fonts/type1/public/amsfonts/cm/cmsy10.pfb></usr/local/texlive/2022/texmf-di
st/fonts/type1/public/amsfonts/cm/cmsy5.pfb></usr/local/texlive/2022/texmf-dist
/fonts/type1/public/amsfonts/cm/cmsy7.pfb></usr/local/texlive/2022/texmf-dist/f
onts/type1/public/amsfonts/symbols/msam10.pfb></usr/local/texlive/2022/texmf-di
st/fonts/type1/public/amsfonts/symbols/msbm10.pfb></usr/local/texlive/2022/texm
f-dist/fonts/type1/urw/times/utmb8a.pfb></usr/local/texlive/2022/texmf-dist/fon
ts/type1/urw/times/utmbi8a.pfb></usr/local/texlive/2022/texmf-dist/fonts/type1/
urw/times/utmr8a.pfb></usr/local/texlive/2022/texmf-dist/fonts/type1/urw/times/
utmri8a.pfb>
Output written on manuscript.pdf (12 pages, 4013583 bytes).
PDF statistics:
 669 PDF objects out of 1000 (max. 8388607)
 536 compressed objects within 6 object streams
 137 named destinations out of 1000 (max. 500000)
 431 words of extra memory for PDF output out of 10000 (max. 10000000)

